<?xml version="1.0" encoding="UTF-8"?>
<robot generator="Robot 6.1.1 (Python 3.11.5 on darwin)" generated="20230907 23:11:18.391" rpa="false" schemaversion="4">
<suite id="s1" name="Testing Api" source="/Users/tamiresrodrigues/Desktop/api_robotframework/tests/testing_api.robot">
<test id="s1-t1" name="Cenario 01: Cadastrar um novo usuario com sucesso na ServeRest" line="11">
<kw name="Criar um usuario novo" library="api_testing_usuarios">
<kw name="Generate Random String" library="String">
<var>${palavra_aleatoria}</var>
<arg>length=4</arg>
<arg>chars=[LETTERS]</arg>
<doc>Generates a string with a desired ``length`` from the given ``chars``.</doc>
<msg timestamp="20230907 23:11:18.539" level="INFO">${palavra_aleatoria} = PaeR</msg>
<status status="PASS" starttime="20230907 23:11:18.539" endtime="20230907 23:11:18.539"/>
</kw>
<kw name="Convert To Lower Case" library="String">
<var>${palavra_aleatoria}</var>
<arg>${palavra_aleatoria}</arg>
<doc>Converts string to lower case.</doc>
<msg timestamp="20230907 23:11:18.539" level="INFO">${palavra_aleatoria} = paer</msg>
<status status="PASS" starttime="20230907 23:11:18.539" endtime="20230907 23:11:18.539"/>
</kw>
<kw name="Set Test Variable" library="BuiltIn">
<arg>${EMAIL_TESTE}</arg>
<arg>${palavra_aleatoria}@gmail.com.br</arg>
<doc>Makes a variable available everywhere within the scope of the current test.</doc>
<msg timestamp="20230907 23:11:18.540" level="INFO">${EMAIL_TESTE} = paer@gmail.com.br</msg>
<status status="PASS" starttime="20230907 23:11:18.539" endtime="20230907 23:11:18.540"/>
</kw>
<kw name="Log" library="BuiltIn">
<arg>${EMAIL_TESTE}</arg>
<doc>Logs the given message with the given level.</doc>
<msg timestamp="20230907 23:11:18.540" level="INFO">paer@gmail.com.br</msg>
<status status="PASS" starttime="20230907 23:11:18.540" endtime="20230907 23:11:18.540"/>
</kw>
<status status="PASS" starttime="20230907 23:11:18.539" endtime="20230907 23:11:18.540"/>
</kw>
<kw name="Cadastrar o usuario criado na ServeRest" library="api_testing_usuarios">
<kw name="Create Dictionary" library="BuiltIn">
<var>${body}</var>
<arg>nome=Tamires Silva</arg>
<arg>email=${EMAIL_TESTE}</arg>
<arg>password=1234</arg>
<arg>administrador=true</arg>
<doc>Creates and returns a dictionary based on the given ``items``.</doc>
<msg timestamp="20230907 23:11:18.541" level="INFO">${body} = {'nome': 'Tamires Silva', 'email': 'paer@gmail.com.br', 'password': '1234', 'administrador': 'true'}</msg>
<status status="PASS" starttime="20230907 23:11:18.540" endtime="20230907 23:11:18.541"/>
</kw>
<kw name="Log" library="BuiltIn">
<arg>${body}</arg>
<doc>Logs the given message with the given level.</doc>
<msg timestamp="20230907 23:11:18.541" level="INFO">{'nome': 'Tamires Silva', 'email': 'paer@gmail.com.br', 'password': '1234', 'administrador': 'true'}</msg>
<status status="PASS" starttime="20230907 23:11:18.541" endtime="20230907 23:11:18.541"/>
</kw>
<kw name="Criar sessão na ServeRest" library="api_testing_usuarios">
<kw name="Create Dictionary" library="BuiltIn">
<var>${headers}</var>
<arg>accept=application/json</arg>
<arg>Content-Type=application/json</arg>
<doc>Creates and returns a dictionary based on the given ``items``.</doc>
<msg timestamp="20230907 23:11:18.541" level="INFO">${headers} = {'accept': 'application/json', 'Content-Type': 'application/json'}</msg>
<status status="PASS" starttime="20230907 23:11:18.541" endtime="20230907 23:11:18.541"/>
</kw>
<kw name="Create Session" library="RequestsLibrary">
<arg>alias=ServeRest</arg>
<arg>url=https://serverest.dev</arg>
<arg>headers=${headers}</arg>
<doc>Create Session: create a HTTP session to a server</doc>
<msg timestamp="20230907 23:11:18.541" level="INFO">Creating Session using : alias=ServeRest, url=https://serverest.dev, headers={'accept': 'application/json', 'Content-Type': 'application/json'},                     cookies={}, auth=None, timeout=None, proxies=None, verify=False,                     debug=0 </msg>
<status status="PASS" starttime="20230907 23:11:18.541" endtime="20230907 23:11:18.541"/>
</kw>
<status status="PASS" starttime="20230907 23:11:18.541" endtime="20230907 23:11:18.542"/>
</kw>
<kw name="POST On Session" library="RequestsLibrary">
<var>${resposta}</var>
<arg>alias=ServeRest</arg>
<arg>url=/usuarios</arg>
<arg>json=${body}</arg>
<doc>Sends a POST request on a previously created HTTP Session.</doc>
<msg timestamp="20230907 23:11:18.932" level="INFO">POST Request : url=https://serverest.dev/usuarios 
 path_url=/usuarios 
 headers={'User-Agent': 'python-requests/2.31.0', 'Accept-Encoding': 'gzip, deflate', 'accept': 'application/json', 'Connection': 'keep-alive', 'Content-Type': 'application/json', 'Content-Length': '100'} 
 body=b'{"nome": "Tamires Silva", "email": "paer@gmail.com.br", "password": "1234", "administrador": "true"}' 
 </msg>
<msg timestamp="20230907 23:11:18.932" level="INFO">POST Response : url=https://serverest.dev/usuarios 
 status=201, reason=Created 
 headers={'access-control-allow-origin': '*', 'x-dns-prefetch-control': 'off', 'x-frame-options': 'SAMEORIGIN', 'strict-transport-security': 'max-age=15552000; includeSubDomains', 'x-download-options': 'noopen', 'x-content-type-options': 'nosniff', 'x-xss-protection': '1; mode=block', 'x-moesif-transaction-id': '97081e40-e7cc-4f59-849c-73fd69057e79', 'content-type': 'application/json; charset=utf-8', 'X-Cloud-Trace-Context': 'b0d6aacd2cedf76da26eabe7471ed89c;o=1', 'Date': 'Fri, 08 Sep 2023 02:11:19 GMT', 'Server': 'Google Frontend', 'Content-Length': '82'} 
 body={
    "message": "Cadastro realizado com sucesso",
    "_id": "KJC5jyGK7x6xvGD5"
} 
 </msg>
<msg timestamp="20230907 23:11:18.932" level="INFO">/opt/homebrew/lib/python3.11/site-packages/urllib3/connectionpool.py:1056: InsecureRequestWarning: Unverified HTTPS request is being made to host 'serverest.dev'. Adding certificate verification is strongly advised. See: https://urllib3.readthedocs.io/en/1.26.x/advanced-usage.html#ssl-warnings
  warnings.warn(</msg>
<msg timestamp="20230907 23:11:18.933" level="INFO">${resposta} = &lt;Response [201]&gt;</msg>
<status status="PASS" starttime="20230907 23:11:18.542" endtime="20230907 23:11:18.933"/>
</kw>
<kw name="Status Should Be" library="RequestsLibrary">
<arg>201</arg>
<doc>Fails if response status code is different than the expected.</doc>
<status status="PASS" starttime="20230907 23:11:18.933" endtime="20230907 23:11:18.934"/>
</kw>
<kw name="Log" library="BuiltIn">
<arg>${resposta.json()}</arg>
<doc>Logs the given message with the given level.</doc>
<msg timestamp="20230907 23:11:18.936" level="INFO">{'message': 'Cadastro realizado com sucesso', '_id': 'KJC5jyGK7x6xvGD5'}</msg>
<status status="PASS" starttime="20230907 23:11:18.934" endtime="20230907 23:11:18.936"/>
</kw>
<kw name="Set Test Variable" library="BuiltIn">
<arg>${RESPOSTA}</arg>
<arg>${resposta.json()}</arg>
<doc>Makes a variable available everywhere within the scope of the current test.</doc>
<msg timestamp="20230907 23:11:18.937" level="INFO">${RESPOSTA} = {'message': 'Cadastro realizado com sucesso', '_id': 'KJC5jyGK7x6xvGD5'}</msg>
<status status="PASS" starttime="20230907 23:11:18.936" endtime="20230907 23:11:18.937"/>
</kw>
<status status="PASS" starttime="20230907 23:11:18.540" endtime="20230907 23:11:18.937"/>
</kw>
<kw name="Conferir se o usuario foi cadastrado corretamente" library="api_testing_usuarios">
<kw name="Log" library="BuiltIn">
<arg>${RESPOSTA}</arg>
<doc>Logs the given message with the given level.</doc>
<msg timestamp="20230907 23:11:18.938" level="INFO">{'message': 'Cadastro realizado com sucesso', '_id': 'KJC5jyGK7x6xvGD5'}</msg>
<status status="PASS" starttime="20230907 23:11:18.937" endtime="20230907 23:11:18.938"/>
</kw>
<kw name="Dictionary Should Contain Item" library="Collections">
<arg>${RESPOSTA}</arg>
<arg>message</arg>
<arg>Cadastro realizado com sucesso</arg>
<doc>An item of ``key`` / ``value`` must be found in a ``dictionary``.</doc>
<status status="PASS" starttime="20230907 23:11:18.938" endtime="20230907 23:11:18.938"/>
</kw>
<kw name="Dictionary Should Contain Key" library="Collections">
<arg>${RESPOSTA}</arg>
<arg>_id</arg>
<doc>Fails if ``key`` is not found from ``dictionary``.</doc>
<status status="PASS" starttime="20230907 23:11:18.938" endtime="20230907 23:11:18.939"/>
</kw>
<status status="PASS" starttime="20230907 23:11:18.937" endtime="20230907 23:11:18.939"/>
</kw>
<tag>criar_usuarios</tag>
<status status="PASS" starttime="20230907 23:11:18.538" endtime="20230907 23:11:18.939"/>
</test>
<test id="s1-t2" name="Cenario 02: Validar endpoint com token invalido" line="18">
<kw name="Criar um produto novo" library="api_testing_usuarios">
<kw name="Generate Random String" library="String">
<var>${palavra_aleatoria}</var>
<arg>length=10</arg>
<arg>chars=[LETTERS]</arg>
<doc>Generates a string with a desired ``length`` from the given ``chars``.</doc>
<msg timestamp="20230907 23:11:18.941" level="INFO">${palavra_aleatoria} = rUWIEUnLoh</msg>
<status status="PASS" starttime="20230907 23:11:18.940" endtime="20230907 23:11:18.941"/>
</kw>
<kw name="Convert To Lower Case" library="String">
<var>${palavra_aleatoria}</var>
<arg>${palavra_aleatoria}</arg>
<doc>Converts string to lower case.</doc>
<msg timestamp="20230907 23:11:18.941" level="INFO">${palavra_aleatoria} = ruwieunloh</msg>
<status status="PASS" starttime="20230907 23:11:18.941" endtime="20230907 23:11:18.941"/>
</kw>
<kw name="Set Test Variable" library="BuiltIn">
<arg>${PRODUTO}</arg>
<arg>${palavra_aleatoria}</arg>
<doc>Makes a variable available everywhere within the scope of the current test.</doc>
<msg timestamp="20230907 23:11:18.942" level="INFO">${PRODUTO} = ruwieunloh</msg>
<status status="PASS" starttime="20230907 23:11:18.941" endtime="20230907 23:11:18.942"/>
</kw>
<status status="PASS" starttime="20230907 23:11:18.940" endtime="20230907 23:11:18.942"/>
</kw>
<kw name="Cadastrar o produto criado na ServeRest" library="api_testing_usuarios">
<kw name="Criar sessão na ServeRest" library="api_testing_usuarios">
<kw name="Create Dictionary" library="BuiltIn">
<var>${headers}</var>
<arg>accept=application/json</arg>
<arg>Content-Type=application/json</arg>
<doc>Creates and returns a dictionary based on the given ``items``.</doc>
<msg timestamp="20230907 23:11:18.943" level="INFO">${headers} = {'accept': 'application/json', 'Content-Type': 'application/json'}</msg>
<status status="PASS" starttime="20230907 23:11:18.943" endtime="20230907 23:11:18.943"/>
</kw>
<kw name="Create Session" library="RequestsLibrary">
<arg>alias=ServeRest</arg>
<arg>url=https://serverest.dev</arg>
<arg>headers=${headers}</arg>
<doc>Create Session: create a HTTP session to a server</doc>
<msg timestamp="20230907 23:11:18.943" level="INFO">Creating Session using : alias=ServeRest, url=https://serverest.dev, headers={'accept': 'application/json', 'Content-Type': 'application/json'},                     cookies={}, auth=None, timeout=None, proxies=None, verify=False,                     debug=0 </msg>
<status status="PASS" starttime="20230907 23:11:18.943" endtime="20230907 23:11:18.944"/>
</kw>
<status status="PASS" starttime="20230907 23:11:18.942" endtime="20230907 23:11:18.944"/>
</kw>
<kw name="Create Dictionary" library="BuiltIn">
<var>${body}</var>
<arg>nome=${PRODUTO}</arg>
<arg>preco= 350</arg>
<arg>descricao=guarana zero</arg>
<arg>quantidade=20</arg>
<arg>administrador=true</arg>
<doc>Creates and returns a dictionary based on the given ``items``.</doc>
<msg timestamp="20230907 23:11:18.944" level="INFO">${body} = {'nome': 'ruwieunloh', 'preco': ' 350', 'descricao': 'guarana zero', 'quantidade': '20', 'administrador': 'true'}</msg>
<status status="PASS" starttime="20230907 23:11:18.944" endtime="20230907 23:11:18.944"/>
</kw>
<kw name="Log" library="BuiltIn">
<arg>${body}</arg>
<doc>Logs the given message with the given level.</doc>
<msg timestamp="20230907 23:11:18.944" level="INFO">{'nome': 'ruwieunloh', 'preco': ' 350', 'descricao': 'guarana zero', 'quantidade': '20', 'administrador': 'true'}</msg>
<status status="PASS" starttime="20230907 23:11:18.944" endtime="20230907 23:11:18.944"/>
</kw>
<kw name="POST On Session" library="RequestsLibrary">
<var>${resposta}</var>
<arg>alias=ServeRest</arg>
<arg>url=/produtos</arg>
<arg>json=${body}</arg>
<doc>Sends a POST request on a previously created HTTP Session.</doc>
<msg timestamp="20230907 23:11:19.325" level="INFO">POST Request : url=https://serverest.dev/produtos 
 path_url=/produtos 
 headers={'User-Agent': 'python-requests/2.31.0', 'Accept-Encoding': 'gzip, deflate', 'accept': 'application/json', 'Connection': 'keep-alive', 'Content-Type': 'application/json', 'Content-Length': '113'} 
 body=b'{"nome": "ruwieunloh", "preco": " 350", "descricao": "guarana zero", "quantidade": "20", "administrador": "true"}' 
 </msg>
<msg timestamp="20230907 23:11:19.325" level="INFO">POST Response : url=https://serverest.dev/produtos 
 status=401, reason=Unauthorized 
 headers={'access-control-allow-origin': '*', 'x-dns-prefetch-control': 'off', 'x-frame-options': 'SAMEORIGIN', 'strict-transport-security': 'max-age=15552000; includeSubDomains', 'x-download-options': 'noopen', 'x-content-type-options': 'nosniff', 'x-xss-protection': '1; mode=block', 'x-moesif-transaction-id': '771fbe6c-592b-473e-a332-142589666426', 'content-type': 'application/json; charset=utf-8', 'X-Cloud-Trace-Context': 'ba73ed11b2ab270a19d49c1afd3891e1', 'Date': 'Fri, 08 Sep 2023 02:11:19 GMT', 'Server': 'Google Frontend', 'Content-Length': '103'} 
 body={
    "message": "Token de acesso ausente, inválido, expirado ou usuário do token não existe mais"
} 
 </msg>
<msg timestamp="20230907 23:11:19.325" level="INFO">/opt/homebrew/lib/python3.11/site-packages/urllib3/connectionpool.py:1056: InsecureRequestWarning: Unverified HTTPS request is being made to host 'serverest.dev'. Adding certificate verification is strongly advised. See: https://urllib3.readthedocs.io/en/1.26.x/advanced-usage.html#ssl-warnings
  warnings.warn(</msg>
<msg timestamp="20230907 23:11:19.325" level="FAIL">HTTPError: 401 Client Error: Unauthorized for url: https://serverest.dev/produtos</msg>
<status status="FAIL" starttime="20230907 23:11:18.944" endtime="20230907 23:11:19.328"/>
</kw>
<kw name="Status Should Be" library="RequestsLibrary">
<arg>401</arg>
<doc>Fails if response status code is different than the expected.</doc>
<status status="NOT RUN" starttime="20230907 23:11:19.328" endtime="20230907 23:11:19.328"/>
</kw>
<kw name="Log" library="BuiltIn">
<arg>${resposta.json()}</arg>
<doc>Logs the given message with the given level.</doc>
<status status="NOT RUN" starttime="20230907 23:11:19.329" endtime="20230907 23:11:19.329"/>
</kw>
<kw name="Set Test Variable" library="BuiltIn">
<arg>${RESPOSTA}</arg>
<arg>${resposta.json()}</arg>
<doc>Makes a variable available everywhere within the scope of the current test.</doc>
<status status="NOT RUN" starttime="20230907 23:11:19.329" endtime="20230907 23:11:19.329"/>
</kw>
<status status="FAIL" starttime="20230907 23:11:18.942" endtime="20230907 23:11:19.329"/>
</kw>
<kw name="Conferir mensagem de retorno" library="api_testing_usuarios">
<status status="NOT RUN" starttime="20230907 23:11:19.329" endtime="20230907 23:11:19.329"/>
</kw>
<tag>cadastrar_produto</tag>
<status status="FAIL" starttime="20230907 23:11:18.940" endtime="20230907 23:11:19.329">HTTPError: 401 Client Error: Unauthorized for url: https://serverest.dev/produtos</status>
</test>
<status status="FAIL" starttime="20230907 23:11:18.392" endtime="20230907 23:11:19.330"/>
</suite>
<statistics>
<total>
<stat pass="1" fail="1" skip="0">All Tests</stat>
</total>
<tag>
<stat pass="0" fail="1" skip="0">cadastrar_produto</stat>
<stat pass="1" fail="0" skip="0">criar_usuarios</stat>
</tag>
<suite>
<stat pass="1" fail="1" skip="0" id="s1" name="Testing Api">Testing Api</stat>
</suite>
</statistics>
<errors>
</errors>
</robot>
